0 info it worked if it ends with ok
1 verbose cli [ 'node', '/usr/local/bin/npm', 'install', '-g', 'bower' ]
2 info using npm@1.3.8
3 info using node@v0.10.18
4 verbose cache add [ 'bower', null ]
5 verbose cache add name=undefined spec="bower" args=["bower",null]
6 verbose parsed url { protocol: null,
6 verbose parsed url   slashes: null,
6 verbose parsed url   auth: null,
6 verbose parsed url   host: null,
6 verbose parsed url   port: null,
6 verbose parsed url   hostname: null,
6 verbose parsed url   hash: null,
6 verbose parsed url   search: null,
6 verbose parsed url   query: null,
6 verbose parsed url   pathname: 'bower',
6 verbose parsed url   path: 'bower',
6 verbose parsed url   href: 'bower' }
7 silly lockFile 206e3ce5-bower bower
8 verbose lock bower /Users/blisaur/.npm/206e3ce5-bower.lock
9 silly lockFile 206e3ce5-bower bower
10 silly lockFile 206e3ce5-bower bower
11 verbose addNamed [ 'bower', '' ]
12 verbose addNamed [ null, '*' ]
13 silly lockFile 1240aab1-bower bower@
14 verbose lock bower@ /Users/blisaur/.npm/1240aab1-bower.lock
15 silly addNameRange { name: 'bower', range: '*', hasData: false }
16 verbose url raw bower
17 verbose url resolving [ 'https://registry.npmjs.org/', './bower' ]
18 verbose url resolved https://registry.npmjs.org/bower
19 info trying registry request attempt 1 at 21:56:18
20 http GET https://registry.npmjs.org/bower
21 http 500 https://registry.npmjs.org/bower
22 verbose bad json Internal routing error
22 verbose bad json
22 verbose bad json Sorry, we cannot connect to the intended server.
22 verbose bad json
22 verbose bad json We have just been notified of this problem. We will correct it as soon as possible.
22 verbose bad json
22 verbose bad json Feel free to contact us if you have any questions: support@iriscouch.com
23 error registry error parsing json
24 info retry will retry, error on last attempt: SyntaxError: Unexpected token I
24 info retry Internal routing error
24 info retry
24 info retry Sorry, we cannot connect to the intended server.
24 info retry
24 info retry We have just been notified of this problem. We will correct it as soon as possible.
24 info retry
24 info retry Feel free to contact us if you have any questions: support@iriscouch.com
25 info trying registry request attempt 2 at 21:56:29
26 http GET https://registry.npmjs.org/bower
27 http 500 https://registry.npmjs.org/bower
28 verbose bad json Internal routing error
28 verbose bad json
28 verbose bad json Sorry, we cannot connect to the intended server.
28 verbose bad json
28 verbose bad json We have just been notified of this problem. We will correct it as soon as possible.
28 verbose bad json
28 verbose bad json Feel free to contact us if you have any questions: support@iriscouch.com
29 error registry error parsing json
30 info retry will retry, error on last attempt: SyntaxError: Unexpected token I
30 info retry Internal routing error
30 info retry
30 info retry Sorry, we cannot connect to the intended server.
30 info retry
30 info retry We have just been notified of this problem. We will correct it as soon as possible.
30 info retry
30 info retry Feel free to contact us if you have any questions: support@iriscouch.com
31 info trying registry request attempt 3 at 21:57:29
32 http GET https://registry.npmjs.org/bower
33 http 500 https://registry.npmjs.org/bower
34 verbose bad json Internal routing error
34 verbose bad json
34 verbose bad json Sorry, we cannot connect to the intended server.
34 verbose bad json
34 verbose bad json We have just been notified of this problem. We will correct it as soon as possible.
34 verbose bad json
34 verbose bad json Feel free to contact us if you have any questions: support@iriscouch.com
35 error registry error parsing json
36 silly registry.get cb [ 500,
36 silly registry.get   { date: 'Mon, 20 Jan 2014 02:57:22 GMT',
36 silly registry.get     server: 'Apache',
36 silly registry.get     'content-type': 'text/plain',
36 silly registry.get     'cache-control': 'max-age=0',
36 silly registry.get     'content-length': '239',
36 silly registry.get     'accept-ranges': 'bytes',
36 silly registry.get     via: '1.1 varnish',
36 silly registry.get     age: '0',
36 silly registry.get     'x-served-by': 'cache-at50-ATL',
36 silly registry.get     'x-cache': 'MISS',
36 silly registry.get     'x-cache-hits': '0',
36 silly registry.get     'x-timer': 'S1390186641.971088171,VS0,VE204',
36 silly registry.get     connection: 'close' } ]
37 silly lockFile 1240aab1-bower bower@
38 silly lockFile 1240aab1-bower bower@
39 error SyntaxError: Unexpected token I
39 error Internal routing error
39 error
39 error Sorry, we cannot connect to the intended server.
39 error
39 error We have just been notified of this problem. We will correct it as soon as possible.
39 error
39 error Feel free to contact us if you have any questions: support@iriscouch.com
39 error
39 error     at Object.parse (native)
39 error     at RegClient.<anonymous> (/usr/local/lib/node_modules/npm/node_modules/npm-registry-client/lib/request.js:238:23)
39 error     at Request.self.callback (/usr/local/lib/node_modules/npm/node_modules/request/index.js:148:22)
39 error     at Request.EventEmitter.emit (events.js:98:17)
39 error     at Request.<anonymous> (/usr/local/lib/node_modules/npm/node_modules/request/index.js:891:14)
39 error     at Request.EventEmitter.emit (events.js:117:20)
39 error     at IncomingMessage.<anonymous> (/usr/local/lib/node_modules/npm/node_modules/request/index.js:842:12)
39 error     at IncomingMessage.EventEmitter.emit (events.js:117:20)
39 error     at _stream_readable.js:920:16
39 error     at process._tickCallback (node.js:415:13)
40 error If you need help, you may report this log at:
40 error     <http://github.com/isaacs/npm/issues>
40 error or email it to:
40 error     <npm-@googlegroups.com>
41 error System Darwin 12.4.1
42 error command "node" "/usr/local/bin/npm" "install" "-g" "bower"
43 error cwd /Users/blisaur/Desktop/practice_code/cash_reg
44 error node -v v0.10.18
45 error npm -v 1.3.8
46 error type unexpected_token
47 verbose exit [ 1, true ]
